NETBEGIN 1
CLUBEGIN 1
PERBEGIN 1
CLSBEGIN 1
HIEBEGIN 1
VECBEGIN 1

% Reading Network   ---    E:\UCM\Redes Sociales\LosMiserables.net
N 1 RDN "E:\UCM\Redes Sociales\LosMiserables.net" (77)
% Constant Partition
C 1 CONSTANTC 0 (77)
E 1 CIRCULAR
E 1 DRAW 0 0 0 0 0
E 1 DRAW 0 0 0 0 0
% Disposing Partition...
C 1 DC  (77)
% Constant Partition
C 2 CONSTANTC 0 (77)
E 1 DRAW 0 0 0 0 0
% Saving partition to file   ---    E:\UCM\Redes Sociales\BorrarTresPrimeros.clu
C 2 WC "E:\UCM\Redes Sociales\BorrarTresPrimeros.clu" (77)
% Saving Partition(s)/Vector(s) to tab delimited file   ---    E:\UCM\Redes Sociales\Pajek64\excel3.txt
C 2 WTABCLUVEC "E:\UCM\Redes Sociales\Pajek64\excel3.txt" 0 1 2 11 1
EXCEL "Excel" "E:\UCM\Redes Sociales\Pajek64\excel3.txt"
% Reading Partition   ---    E:\UCM\Redes Sociales\BorrarTresPrimeros.clu
C 3 RDC "E:\UCM\Redes Sociales\BorrarTresPrimeros.clu" (77)
% Extracting Subnetwork according to Partition
N 2 EXT 1 3 [0] 1 (75)
N 1 NETNAME red_original
N 2 NETNAME red_depurada
% Disposing Partition...
C 2 DC  (77)
% Disposing Partition...
C 3 DC  (77)
% Disposing Partition...
C 4 DC  (75)
% 2. red_depurada (75)
N 2 INFONET 2 0 1 (75)
% 1. red_original (77)
N 1 INFONET 1 0 1 (77)
% Bernoulli/Poisson random network generator
N 3 ERDREN  [75, 6.640, 1, 0] (75)
N 3 NETNAME red_aleatoria
%  Undirected scale free random network generator
N 4 SCALEF  [2 1 75 999999999 6 6.64000 0.20000 0.25000 0.25000] (75)
% Disposing Network...
N 4 DN  (75)
%  Undirected scale free random network generator
N 5 SCALEF  [2 1 75 999999999 7 6.64000 0.20000 0.25000 0.25000] (75)
% Disposing Network...
N 5 DN  (75)
%  Undirected scale free random network generator
N 6 SCALEF  [2 1 75 999999999 7 6.64000 0.20000 0.25000 0.25000] (75)
% Disposing Network...
N 6 DN  (75)
%  Undirected scale free random network generator
N 7 SCALEF  [2 1 75 999999999 7 6.64000 0.20000 0.25000 0.25000] (75)
% Disposing Network...
N 7 DN  (75)
%  Undirected scale free random network generator
N 8 SCALEF  [2 1 75 999999999 7 6.64000 0.20000 0.25000 0.25000] (75)
% Disposing Network...
N 8 DN  (75)
%  Undirected scale free random network generator
N 9 SCALEF  [2 1 75 999999999 7 6.64000 0.20000 0.25000 0.25000] (75)
N 9 NETNAME libre_escala
% Small World random network generator
N 10 SMALLWORLD [75, 3, 0.200] (75)
% 10. Small World random network [75,3,0.200] (75)
N 10 INFONET 10 0 1 (75)
N 10 NETNAME pequeno_mundo
% All degree centrality of 2. red_depurada (75)
V 1 DEGV 2 [2] (75)
V 1 VECNAME vector_red_depurada
% All degree centrality of 3. red_aleatoria (75)
V 2 DEGV 3 [2] (75)
V 2 VECNAME vector_aleatorio
% All degree centrality of 9. libre_escala (75)
V 3 DEGV 9 [2] (75)
V 3 VECNAME vector_libre_escala
% All degree centrality of 10. pequeno_mundo (75)
V 4 DEGV 10 [2] (75)
V 4 VECNAME vector_pequeno_mundo
% Saving Partition(s)/Vector(s) to tab delimited file   ---    E:\UCM\Redes Sociales\Pajek64\excel4.txt
V 4 WTABCLUVEC "E:\UCM\Redes Sociales\Pajek64\excel4.txt" -1 2 2 11 1
EXCEL "Excel" "E:\UCM\Redes Sociales\Pajek64\excel4.txt"
% Distribution of Distances
V 5 DISTRDISTALL 2 (75)
V 5 VECNAME distribucion_depurada
% Distribution of Distances
V 6 DISTRDISTALL 3 (75)
V 6 VECNAME distribucion_aleatoria
% Distribution of Distances
V 7 DISTRDISTALL 9 (75)
V 7 VECNAME distribucion_libre_escala
% Distribution of Distances
V 8 DISTRDISTALL 10 (75)
V 8 VECNAME distribucion_red_pequeno_mundo
% 3. red_aleatoria (75)
N 3 INFONET 3 0 1 (75)
% 9. libre_escala (75)
N 9 INFONET 9 0 1 (75)
% 9. libre_escala (75)
N 9 INFONET 9 0 1 (75)
% 3. red_aleatoria (75)
N 3 INFONET 3 0 1 (75)
% 9. libre_escala (75)
N 9 INFONET 9 0 1 (75)
E 9 DRAW 0 0 0 0 0
% 9. libre_escala (75)
N 9 INFONET 9 0 1 (75)
% Erdos-Renyi random network generator  
N 11 RNDNFF [0] (77)
% Disposing Network...
N 11 DN  (77)
% 3. red_aleatoria (75)
N 3 INFONET 3 0 1 (75)
% 3. red_aleatoria (75)
N 3 INFONET 3 0 1 (75)
% Saving Partition(s)/Vector(s) to tab delimited file   ---    E:\UCM\Redes Sociales\Pajek64\excel1.txt
V 3 WTABCLUVEC "E:\UCM\Redes Sociales\Pajek64\excel1.txt" 0 2 2 11 1
EXCEL "Excel" "E:\UCM\Redes Sociales\Pajek64\excel1.txt"
% 3. red_aleatoria (75)
N 3 INFONET 3 0 1 (75)
% Saving Partition(s)/Vector(s) to tab delimited file   ---    E:\UCM\Redes Sociales\Pajek64\excel1.txt
V 7 WTABCLUVEC "E:\UCM\Redes Sociales\Pajek64\excel1.txt" 0 2 2 11 1
EXCEL "Excel" "E:\UCM\Redes Sociales\Pajek64\excel1.txt"
% 3. red_aleatoria (75)
N 3 INFONET 3 0 1 (75)
% 9. libre_escala (75)
N 9 INFONET 9 0 1 (75)
% 10. pequeno_mundo (75)
N 10 INFONET 10 0 1 (75)
% Saving network to file   ---    E:\UCM\Redes Sociales\networks\red_original.net
N 1 WN "E:\UCM\Redes Sociales\networks\red_original.net" 0 (77)
% Saving network to file   ---    E:\UCM\Redes Sociales\networks\red_depurada.net
N 2 WN "E:\UCM\Redes Sociales\networks\red_depurada.net" 0 (75)
% Saving network to file   ---    E:\UCM\Redes Sociales\networks\red_aleatoria.net
N 3 WN "E:\UCM\Redes Sociales\networks\red_aleatoria.net" 0 (75)
% Saving network to file   ---    E:\UCM\Redes Sociales\networks\libre_escala.net
N 9 WN "E:\UCM\Redes Sociales\networks\libre_escala.net" 0 (75)
% Saving network to file   ---    E:\UCM\Redes Sociales\networks\pequeno_mundo.net
N 10 WN "E:\UCM\Redes Sociales\networks\pequeno_mundo.net" 0 (75)
% Saving vector to file   ---    E:\UCM\Redes Sociales\networks\vector_red_depurada.vec
V 1 WV "E:\UCM\Redes Sociales\networks\vector_red_depurada.vec" 0 (75)
% Saving vector to file   ---    E:\UCM\Redes Sociales\networks\vector_aleatorio.vec
V 2 WV "E:\UCM\Redes Sociales\networks\vector_aleatorio.vec" 0 (75)
% Saving vector to file   ---    E:\UCM\Redes Sociales\networks\vector_libre_escala.vec
V 3 WV "E:\UCM\Redes Sociales\networks\vector_libre_escala.vec" 0 (75)
% Saving vector to file   ---    E:\UCM\Redes Sociales\networks\vector_pequeno_mundo.vec
V 4 WV "E:\UCM\Redes Sociales\networks\vector_pequeno_mundo.vec" 0 (75)
% Saving vector to file   ---    E:\UCM\Redes Sociales\networks\distribucion_depurada.vec
V 5 WV "E:\UCM\Redes Sociales\networks\distribucion_depurada.vec" 0 (5)
% Saving vector to file   ---    E:\UCM\Redes Sociales\networks\distribucion_aleatoria.vec
V 6 WV "E:\UCM\Redes Sociales\networks\distribucion_aleatoria.vec" 0 (5)
% Saving vector to file   ---    E:\UCM\Redes Sociales\networks\distribucion_libre_escala.vec
V 7 WV "E:\UCM\Redes Sociales\networks\distribucion_libre_escala.vec" 0 (7)
% Saving vector to file   ---    E:\UCM\Redes Sociales\networks\distribucion_red_pequeno_mundo.vec
V 8 WV "E:\UCM\Redes Sociales\networks\distribucion_red_pequeno_mundo.vec" 0 (6)
