NETBEGIN 1
CLUBEGIN 1
PERBEGIN 1
CLSBEGIN 1
HIEBEGIN 1
VECBEGIN 1

% Reading Network   ---    E:\UCM\Redes Sociales\networks\modelo_aleatorio.net
N 1 RDN "E:\UCM\Redes Sociales\networks\modelo_aleatorio.net" (75)
% Distribution of Distances
V 1 DISTRDISTALL 1 (75)
% Disposing Vector...
V 1 DV  (4)
% Reading Network   ---    E:\UCM\Redes Sociales\networks\modelo_libre_escala.net
N 2 RDN "E:\UCM\Redes Sociales\networks\modelo_libre_escala.net" (75)
% Distribution of Distances
V 2 DISTRDISTALL 2 (75)
% Reading Network   ---    E:\UCM\Redes Sociales\networks\modelo_pequeno_mundo.net
N 3 RDN "E:\UCM\Redes Sociales\networks\modelo_pequeno_mundo.net" (75)
% 3. E:\UCM\Redes Sociales\networks\modelo_pequeno_mundo.net (75)
N 3 INFONET 3 0 1 (75)
% 3. E:\UCM\Redes Sociales\networks\modelo_pequeno_mundo.net (75)
N 3 INFONET 3 0 1 (75)
% Disposing Vector...
V 2 DV  (5)
% Reading Network   ---    E:\UCM\Redes Sociales\networks\red_depurada.net
N 4 RDN "E:\UCM\Redes Sociales\networks\red_depurada.net" (75)
% 4. E:\UCM\Redes Sociales\networks\red_depurada.net (75)
N 4 INFONET 4 0 1 (75)
% Distribution of Distances
V 3 DISTRDISTALL 3 (75)
% 4. E:\UCM\Redes Sociales\networks\red_depurada.net (75)
N 4 INFONET 4 0 1 (75)
% 1. E:\UCM\Redes Sociales\networks\modelo_aleatorio.net (75)
N 1 INFONET 1 0 1 (75)
% Disposing Vector...
V 3 DV  (5)
% Distribution of Distances
V 4 DISTRDISTALL 2 (75)
% Saving Partition(s)/Vector(s) to tab delimited file   ---    E:\UCM\Redes Sociales\Pajek64\excel1.txt
V 4 WTABCLUVEC "E:\UCM\Redes Sociales\Pajek64\excel1.txt" 0 2 2 11 1
EXCEL "Excel" "E:\UCM\Redes Sociales\Pajek64\excel1.txt"
% 2. E:\UCM\Redes Sociales\networks\modelo_libre_escala.net (75)
N 2 INFONET 2 0 1 (75)
% Disposing Vector...
V 4 DV  (5)
% 3. E:\UCM\Redes Sociales\networks\modelo_pequeno_mundo.net (75)
N 3 INFONET 3 0 1 (75)
E 4 DRAW 0 0 0 0 0
