NETBEGIN 1
CLUBEGIN 1
PERBEGIN 1
CLSBEGIN 1
HIEBEGIN 1
VECBEGIN 1

% Reading Network   ---    E:\UCM\Redes Sociales\networks\red_depurada.net
N 1 RDN "E:\UCM\Redes Sociales\networks\red_depurada.net" (75)
% Reading Vector   ---    E:\UCM\Redes Sociales\networks\grados_red_aleatoria.vec
V 1 RDV "E:\UCM\Redes Sociales\networks\grados_red_aleatoria.vec" (75)
% Reading Vector   ---    E:\UCM\Redes Sociales\networks\grados_red_depurada.vec
V 2 RDV "E:\UCM\Redes Sociales\networks\grados_red_depurada.vec" (75)
% Reading Vector   ---    E:\UCM\Redes Sociales\networks\grados_red_libre_escala.vec
V 3 RDV "E:\UCM\Redes Sociales\networks\grados_red_libre_escala.vec" (75)
% Reading Vector   ---    E:\UCM\Redes Sociales\networks\grados_red_pequeno_mundo.vec
V 4 RDV "E:\UCM\Redes Sociales\networks\grados_red_pequeno_mundo.vec" (75)
% Saving Partition(s)/Vector(s) to tab delimited file   ---    E:\UCM\Redes Sociales\Pajek64\excel1.txt
V 4 WTABCLUVEC "E:\UCM\Redes Sociales\Pajek64\excel1.txt" -1 2 2 11 1
EXCEL "Excel" "E:\UCM\Redes Sociales\Pajek64\excel1.txt"
% Reading Vector   ---    E:\UCM\Redes Sociales\networks\distancias_red_depurada.vec
V 5 RDV "E:\UCM\Redes Sociales\networks\distancias_red_depurada.vec" (5)
% 1. E:\UCM\Redes Sociales\networks\red_depurada.net (75)
N 1 INFONET 1 0 1 (75)
% 1. E:\UCM\Redes Sociales\networks\red_depurada.net (75)
N 1 INFONET 1 2 1 (75)
% 5. E:\UCM\Redes Sociales\networks\distancias_red_depurada.vec (5)
V 5 INFOVEC2 5 10 1 
% Disposing Vector...
V 5 DV  (5)
% Distribution of Distances
V 6 DISTRDISTALL 1 (75)
% Disposing Vector...
V 6 DV  (5)
% Reading Network   ---    E:\UCM\Redes Sociales\networks\distancias_red_aleatoria.vec
