NETBEGIN 1
CLUBEGIN 1
PERBEGIN 1
CLSBEGIN 1
HIEBEGIN 1
VECBEGIN 1

% Reading Network   ---    E:\UCM\Redes Sociales\networks\red_depurada.net
N 1 RDN "E:\UCM\Redes Sociales\networks\red_depurada.net" (75)
% # Louvain Community Detection. Coarsening and Refinement.                    #
%  * Iteration: 1. Coarsening Phase.
% Level=1
% Shrinking
% Level=2
% Shrinking
% Level=3
%  * Iteration: 1. Refinement Phase.
% Level=1
%  Final partition
C 1 MODULARITYML 1 20 50 1 20 1.0000000000 0.500000 (75)
%  Louvain Community Detection. Coarsening and Refinement.                    
C 2 MODULARITYML 1 20 50 10 20 1.0000000000 0.500000 (75)
%  Louvain Community Detection. Coarsening and Refinement.                    
C 3 MODULARITYML 1 20 50 100 20 1.0000000000 0.500000 (75)
% # Louvain Community Detection. Coarsening and Refinement.                    #
%  * Iteration: 1. Coarsening Phase.
% Level=1
% Shrinking
% Level=2
% Shrinking
% Level=3
%  * Iteration: 1. Refinement Phase.
% Level=1
%  Final partition
C 4 MODULARITYML 1 20 50 1 20 1.0000000000 0.500000 (75)
%  Louvain Community Detection. Coarsening and Refinement.                    
C 5 MODULARITYML 1 20 50 10 20 1.0000000000 0.500000 (75)
% # Louvain Community Detection. Coarsening and Refinement.                    #
%  * Iteration: 1. Coarsening Phase.
% Level=1
% Shrinking
% Level=2
% Shrinking
% Level=3
%  * Iteration: 1. Refinement Phase.
% Level=1
%  * Iteration: 2. Coarsening Phase.
% Shrinking
% Level=2
%  * Iteration: 2. Refinement Phase.
%  Final partition
C 6 MODULARITYML 1 20 50 1 20 1.0000000000 0.500000 (75)
% # Louvain Community Detection. Coarsening and Refinement.                    #
%  * Iteration: 1. Coarsening Phase.
% Level=1
% Shrinking
% Level=2
% Shrinking
% Level=3
%  * Iteration: 1. Refinement Phase.
% Level=1
%  * Iteration: 2. Coarsening Phase.
% Shrinking
% Level=2
%  * Iteration: 2. Refinement Phase.
%  Final partition
C 7 MODULARITYML 1 20 50 1 20 1.0000000000 0.500000 (75)
%  Louvain Community Detection. Coarsening and Refinement.                    
C 8 MODULARITYML 1 20 50 10 20 1.0000000000 0.500000 (75)
%  Louvain Community Detection. Coarsening and Refinement.                    
C 9 MODULARITYML 1 20 50 10 20 1.0000000000 0.500000 (75)
%  Louvain Community Detection. Coarsening and Refinement.                    
C 10 MODULARITYML 1 20 50 10 20 1.0000000000 0.500000 (75)
%  Louvain Community Detection. Coarsening and Refinement.                    
C 11 MODULARITYML 1 20 50 10 20 1.0000000000 0.500000 (75)
% Disposing Partition...
C 11 DC  (75)
% Disposing Partition...
C 1 DC  (75)
% Disposing Partition...
C 2 DC  (75)
% Disposing Partition...
C 3 DC  (75)
% Disposing Partition...
C 4 DC  (75)
% Disposing Partition...
C 5 DC  (75)
% Disposing Partition...
C 6 DC  (75)
% Disposing Partition...
C 7 DC  (75)
% Disposing Partition...
C 8 DC  (75)
% Disposing Partition...
C 9 DC  (75)
% Disposing Partition...
C 10 DC  (75)
%  Louvain Community Detection. Coarsening and Refinement.                    
C 12 MODULARITYML 1 20 50 10 20 1.0000000000 0.500000 (75)
%  Louvain Community Detection. Coarsening and Refinement.                    
C 13 MODULARITYML 1 20 50 10 20 0.8999999762 0.500000 (75)
% Modularity of Network N1 according to Partition C13
N 1 INFOMODULARITY 1 13 1.0000000000 0.500000 (75)
%  Louvain Community Detection. Coarsening and Refinement.                    
C 14 MODULARITYML 1 20 50 10 20 0.8000000119 0.500000 (75)
% Modularity of Network N1 according to Partition C14
N 1 INFOMODULARITY 1 14 1.0000000000 0.500000 (75)
%  Louvain Community Detection. Coarsening and Refinement.                    
C 15 MODULARITYML 1 20 50 10 20 0.6999999881 0.500000 (75)
% Modularity of Network N1 according to Partition C15
N 1 INFOMODULARITY 1 15 1.0000000000 0.500000 (75)
%  Louvain Community Detection. Coarsening and Refinement.                    
C 16 MODULARITYML 1 20 50 10 20 0.6000000238 0.500000 (75)
% Modularity of Network N1 according to Partition C16
N 1 INFOMODULARITY 1 16 1.0000000000 0.500000 (75)
%  Louvain Community Detection. Coarsening and Refinement.                    
C 17 MODULARITYML 1 20 50 10 20 0.5000000000 0.500000 (75)
% Modularity of Network N1 according to Partition C17
N 1 INFOMODULARITY 1 17 1.0000000000 0.500000 (75)
%  Louvain Community Detection. Coarsening and Refinement.                    
C 18 MODULARITYML 1 20 50 10 20 1.1000000238 0.500000 (75)
% Modularity of Network N1 according to Partition C18
N 1 INFOMODULARITY 1 18 1.0000000000 0.500000 (75)
%  Louvain Community Detection. Coarsening and Refinement.                    
C 19 MODULARITYML 1 20 50 10 20 1.0499999523 0.500000 (75)
% Modularity of Network N1 according to Partition C19
N 1 INFOMODULARITY 1 19 1.0000000000 0.500000 (75)
%  Louvain Community Detection. Coarsening and Refinement.                    
C 20 MODULARITYML 1 20 50 10 20 1.1000000238 0.500000 (75)
% Disposing Partition...
C 20 DC  (75)
%  Louvain Community Detection. Coarsening and Refinement.                    
C 21 MODULARITYML 1 20 50 10 20 1.2000000477 0.500000 (75)
% Modularity of Network N1 according to Partition C21
N 1 INFOMODULARITY 1 21 1.0000000000 0.500000 (75)
%  Louvain Community Detection. Coarsening and Refinement.                    
C 22 MODULARITYML 1 20 50 10 20 1.2999999523 0.500000 (75)
% Modularity of Network N1 according to Partition C22
N 1 INFOMODULARITY 1 22 1.0000000000 0.500000 (75)
%  Louvain Community Detection. Coarsening and Refinement.                    
C 23 MODULARITYML 1 20 50 10 20 1.3999999762 0.500000 (75)
% Modularity of Network N1 according to Partition C23
N 1 INFOMODULARITY 1 23 1.0000000000 0.500000 (75)
%  Louvain Community Detection. Coarsening and Refinement.                    
C 24 MODULARITYML 1 20 50 10 20 1.5000000000 0.500000 (75)
% Modularity of Network N1 according to Partition C24
N 1 INFOMODULARITY 1 24 1.0000000000 0.500000 (75)
%  Louvain Community Detection. Coarsening and Refinement.                    
C 25 MODULARITYML 1 20 50 10 20 1.6000000238 0.500000 (75)
% Modularity of Network N1 according to Partition C25
N 1 INFOMODULARITY 1 25 1.0000000000 0.500000 (75)
C 25 CLUNAME Multi-Level Louvain Communities in N1
% Disposing Partition...
C 25 DC  (75)
% Disposing Partition...
C 12 DC  (75)
% Disposing Partition...
C 13 DC  (75)
% Disposing Partition...
C 14 DC  (75)
% Disposing Partition...
C 15 DC  (75)
% Disposing Partition...
C 16 DC  (75)
% Disposing Partition...
C 17 DC  (75)
% Disposing Partition...
C 18 DC  (75)
% Disposing Partition...
C 19 DC  (75)
% Disposing Partition...
C 21 DC  (75)
% Disposing Partition...
C 22 DC  (75)
% Disposing Partition...
C 23 DC  (75)
% Disposing Partition...
C 24 DC  (75)
%  Louvain Community Detection. Coarsening and Refinement.                    
C 26 MODULARITYML 1 20 50 10 20 1.0000000000 0.500000 (75)
E 1 DRAW 26 0 0 0 0
E 1 KAMADAINSIDE 26
C 26 PUT 1 2
C 26 PUT 2 2
C 26 PUT 3 2
C 26 PUT 4 2
C 26 PUT 5 2
C 26 PUT 6 2
C 26 PUT 7 2
C 26 PUT 8 2
C 26 PUT 9 2
C 26 PUT 10 2
C 26 PUT 11 2
C 26 PUT 12 2
C 26 PUT 13 3
C 26 PUT 14 2
C 26 PUT 15 2
C 26 PUT 16 2
C 26 PUT 17 3
C 26 PUT 18 3
C 26 PUT 19 3
C 26 PUT 20 3
C 26 PUT 21 3
C 26 PUT 22 3
C 26 PUT 23 3
C 26 PUT 24 3
C 26 PUT 25 4
C 26 PUT 26 4
C 26 PUT 27 5
C 26 PUT 28 4
C 26 PUT 29 2
C 26 PUT 30 2
C 26 PUT 31 3
C 26 PUT 32 3
C 26 PUT 33 2
C 26 PUT 34 2
C 26 PUT 35 2
C 26 PUT 36 2
C 26 PUT 37 2
C 26 PUT 38 2
C 26 PUT 39 2
C 26 PUT 40 5
C 26 PUT 41 4
C 26 PUT 42 4
C 26 PUT 43 4
C 26 PUT 44 2
C 26 PUT 45 2
C 26 PUT 46 2
C 26 PUT 47 6
C 26 PUT 48 6
C 26 PUT 49 6
C 26 PUT 50 5
C 26 PUT 51 5
C 26 PUT 52 5
C 26 PUT 53 5
C 26 PUT 54 5
C 26 PUT 55 5
C 26 PUT 56 6
C 26 PUT 57 6
C 26 PUT 58 6
C 26 PUT 59 6
C 26 PUT 60 6
C 26 PUT 61 6
C 26 PUT 62 6
C 26 PUT 63 6
C 26 PUT 64 6
C 26 PUT 65 6
C 26 PUT 66 6
C 26 PUT 67 4
C 26 PUT 68 4
C 26 PUT 69 4
C 26 PUT 70 4
C 26 PUT 71 5
C 26 PUT 72 6
C 26 PUT 73 6
C 26 PUT 74 4
C 26 PUT 75 6
C 26 PUT 1 3
C 26 PUT 2 3
C 26 PUT 3 3
C 26 PUT 4 3
C 26 PUT 5 3
C 26 PUT 6 3
C 26 PUT 7 3
C 26 PUT 8 3
C 26 PUT 9 3
C 26 PUT 10 3
C 26 PUT 11 3
C 26 PUT 12 3
C 26 PUT 13 4
C 26 PUT 14 3
C 26 PUT 15 3
C 26 PUT 16 3
C 26 PUT 17 4
C 26 PUT 18 4
C 26 PUT 19 4
C 26 PUT 20 4
C 26 PUT 21 4
C 26 PUT 22 4
C 26 PUT 23 4
C 26 PUT 24 4
C 26 PUT 25 5
C 26 PUT 26 5
C 26 PUT 27 6
C 26 PUT 28 5
C 26 PUT 29 3
C 26 PUT 30 3
C 26 PUT 31 4
C 26 PUT 32 4
C 26 PUT 33 3
C 26 PUT 34 3
C 26 PUT 35 3
C 26 PUT 36 3
C 26 PUT 37 3
C 26 PUT 38 3
C 26 PUT 39 3
C 26 PUT 40 6
C 26 PUT 41 5
C 26 PUT 42 5
C 26 PUT 43 5
C 26 PUT 44 3
C 26 PUT 45 3
C 26 PUT 46 3
C 26 PUT 47 7
C 26 PUT 48 7
C 26 PUT 49 7
C 26 PUT 50 6
C 26 PUT 51 6
C 26 PUT 52 6
C 26 PUT 53 6
C 26 PUT 54 6
C 26 PUT 55 6
C 26 PUT 56 7
C 26 PUT 57 7
C 26 PUT 58 7
C 26 PUT 59 7
C 26 PUT 60 7
C 26 PUT 61 7
C 26 PUT 62 7
C 26 PUT 63 7
C 26 PUT 64 7
C 26 PUT 65 7
C 26 PUT 66 7
C 26 PUT 67 5
C 26 PUT 68 5
C 26 PUT 69 5
C 26 PUT 70 5
C 26 PUT 71 6
C 26 PUT 72 7
C 26 PUT 73 7
C 26 PUT 74 5
C 26 PUT 75 7
C 26 PUT 1 4
C 26 PUT 2 4
C 26 PUT 3 4
C 26 PUT 4 4
C 26 PUT 5 4
C 26 PUT 6 4
C 26 PUT 7 4
C 26 PUT 8 4
C 26 PUT 9 4
C 26 PUT 10 4
C 26 PUT 11 4
C 26 PUT 12 4
C 26 PUT 13 5
C 26 PUT 14 4
C 26 PUT 15 4
C 26 PUT 16 4
C 26 PUT 17 5
C 26 PUT 18 5
C 26 PUT 19 5
C 26 PUT 20 5
C 26 PUT 21 5
C 26 PUT 22 5
C 26 PUT 23 5
C 26 PUT 24 5
C 26 PUT 25 6
C 26 PUT 26 6
C 26 PUT 27 7
C 26 PUT 28 6
C 26 PUT 29 4
C 26 PUT 30 4
C 26 PUT 31 5
C 26 PUT 32 5
C 26 PUT 33 4
C 26 PUT 34 4
C 26 PUT 35 4
C 26 PUT 36 4
C 26 PUT 37 4
C 26 PUT 38 4
C 26 PUT 39 4
C 26 PUT 40 7
C 26 PUT 41 6
C 26 PUT 42 6
C 26 PUT 43 6
C 26 PUT 44 4
C 26 PUT 45 4
C 26 PUT 46 4
C 26 PUT 47 8
C 26 PUT 48 8
C 26 PUT 49 8
C 26 PUT 50 7
C 26 PUT 51 7
C 26 PUT 52 7
C 26 PUT 53 7
C 26 PUT 54 7
C 26 PUT 55 7
C 26 PUT 56 8
C 26 PUT 57 8
C 26 PUT 58 8
C 26 PUT 59 8
C 26 PUT 60 8
C 26 PUT 61 8
C 26 PUT 62 8
C 26 PUT 63 8
C 26 PUT 64 8
C 26 PUT 65 8
C 26 PUT 66 8
C 26 PUT 67 6
C 26 PUT 68 6
C 26 PUT 69 6
C 26 PUT 70 6
C 26 PUT 71 7
C 26 PUT 72 8
C 26 PUT 73 8
C 26 PUT 74 6
C 26 PUT 75 8
C 26 PUT 1 5
C 26 PUT 2 5
C 26 PUT 3 5
C 26 PUT 4 5
C 26 PUT 5 5
C 26 PUT 6 5
C 26 PUT 7 5
C 26 PUT 8 5
C 26 PUT 9 5
C 26 PUT 10 5
C 26 PUT 11 5
C 26 PUT 12 5
C 26 PUT 13 6
C 26 PUT 14 5
C 26 PUT 15 5
C 26 PUT 16 5
C 26 PUT 17 6
C 26 PUT 18 6
C 26 PUT 19 6
C 26 PUT 20 6
C 26 PUT 21 6
C 26 PUT 22 6
C 26 PUT 23 6
C 26 PUT 24 6
C 26 PUT 25 7
C 26 PUT 26 7
C 26 PUT 27 8
C 26 PUT 28 7
C 26 PUT 29 5
C 26 PUT 30 5
C 26 PUT 31 6
C 26 PUT 32 6
C 26 PUT 33 5
C 26 PUT 34 5
C 26 PUT 35 5
C 26 PUT 36 5
C 26 PUT 37 5
C 26 PUT 38 5
C 26 PUT 39 5
C 26 PUT 40 8
C 26 PUT 41 7
C 26 PUT 42 7
C 26 PUT 43 7
C 26 PUT 44 5
C 26 PUT 45 5
C 26 PUT 46 5
C 26 PUT 47 9
C 26 PUT 48 9
C 26 PUT 49 9
C 26 PUT 50 8
C 26 PUT 51 8
C 26 PUT 52 8
C 26 PUT 53 8
C 26 PUT 54 8
C 26 PUT 55 8
C 26 PUT 56 9
C 26 PUT 57 9
C 26 PUT 58 9
C 26 PUT 59 9
C 26 PUT 60 9
C 26 PUT 61 9
C 26 PUT 62 9
C 26 PUT 63 9
C 26 PUT 64 9
C 26 PUT 65 9
C 26 PUT 66 9
C 26 PUT 67 7
C 26 PUT 68 7
C 26 PUT 69 7
C 26 PUT 70 7
C 26 PUT 71 8
C 26 PUT 72 9
C 26 PUT 73 9
C 26 PUT 74 7
C 26 PUT 75 9
C 26 PUT 1 6
C 26 PUT 2 6
C 26 PUT 3 6
C 26 PUT 4 6
C 26 PUT 5 6
C 26 PUT 6 6
C 26 PUT 7 6
C 26 PUT 8 6
C 26 PUT 9 6
C 26 PUT 10 6
C 26 PUT 11 6
C 26 PUT 12 6
C 26 PUT 13 7
C 26 PUT 14 6
C 26 PUT 15 6
C 26 PUT 16 6
C 26 PUT 17 7
C 26 PUT 18 7
C 26 PUT 19 7
C 26 PUT 20 7
C 26 PUT 21 7
C 26 PUT 22 7
C 26 PUT 23 7
C 26 PUT 24 7
C 26 PUT 25 8
C 26 PUT 26 8
C 26 PUT 27 9
C 26 PUT 28 8
C 26 PUT 29 6
C 26 PUT 30 6
C 26 PUT 31 7
C 26 PUT 32 7
C 26 PUT 33 6
C 26 PUT 34 6
C 26 PUT 35 6
C 26 PUT 36 6
C 26 PUT 37 6
C 26 PUT 38 6
C 26 PUT 39 6
C 26 PUT 40 9
C 26 PUT 41 8
C 26 PUT 42 8
C 26 PUT 43 8
C 26 PUT 44 6
C 26 PUT 45 6
C 26 PUT 46 6
C 26 PUT 47 10
C 26 PUT 48 10
C 26 PUT 49 10
C 26 PUT 50 9
C 26 PUT 51 9
C 26 PUT 52 9
C 26 PUT 53 9
C 26 PUT 54 9
C 26 PUT 55 9
C 26 PUT 56 10
C 26 PUT 57 10
C 26 PUT 58 10
C 26 PUT 59 10
C 26 PUT 60 10
C 26 PUT 61 10
C 26 PUT 62 10
C 26 PUT 63 10
C 26 PUT 64 10
C 26 PUT 65 10
C 26 PUT 66 10
C 26 PUT 67 8
C 26 PUT 68 8
C 26 PUT 69 8
C 26 PUT 70 8
C 26 PUT 71 9
C 26 PUT 72 10
C 26 PUT 73 10
C 26 PUT 74 8
C 26 PUT 75 10
C 26 PUT 1 7
C 26 PUT 2 7
C 26 PUT 3 7
C 26 PUT 4 7
C 26 PUT 5 7
C 26 PUT 6 7
C 26 PUT 7 7
C 26 PUT 8 7
C 26 PUT 9 7
C 26 PUT 10 7
C 26 PUT 11 7
C 26 PUT 12 7
C 26 PUT 13 8
C 26 PUT 14 7
C 26 PUT 15 7
C 26 PUT 16 7
C 26 PUT 17 8
C 26 PUT 18 8
C 26 PUT 19 8
C 26 PUT 20 8
C 26 PUT 21 8
C 26 PUT 22 8
C 26 PUT 23 8
C 26 PUT 24 8
C 26 PUT 25 9
C 26 PUT 26 9
C 26 PUT 27 10
C 26 PUT 28 9
C 26 PUT 29 7
C 26 PUT 30 7
C 26 PUT 31 8
C 26 PUT 32 8
C 26 PUT 33 7
C 26 PUT 34 7
C 26 PUT 35 7
C 26 PUT 36 7
C 26 PUT 37 7
C 26 PUT 38 7
C 26 PUT 39 7
C 26 PUT 40 10
C 26 PUT 41 9
C 26 PUT 42 9
C 26 PUT 43 9
C 26 PUT 44 7
C 26 PUT 45 7
C 26 PUT 46 7
C 26 PUT 47 11
C 26 PUT 48 11
C 26 PUT 49 11
C 26 PUT 50 10
C 26 PUT 51 10
C 26 PUT 52 10
C 26 PUT 53 10
C 26 PUT 54 10
C 26 PUT 55 10
C 26 PUT 56 11
C 26 PUT 57 11
C 26 PUT 58 11
C 26 PUT 59 11
C 26 PUT 60 11
C 26 PUT 61 11
C 26 PUT 62 11
C 26 PUT 63 11
C 26 PUT 64 11
C 26 PUT 65 11
C 26 PUT 66 11
C 26 PUT 67 9
C 26 PUT 68 9
C 26 PUT 69 9
C 26 PUT 70 9
C 26 PUT 71 10
C 26 PUT 72 11
C 26 PUT 73 11
C 26 PUT 74 9
C 26 PUT 75 11
C 26 PUT 1 8
C 26 PUT 2 8
C 26 PUT 3 8
C 26 PUT 4 8
C 26 PUT 5 8
C 26 PUT 6 8
C 26 PUT 7 8
C 26 PUT 8 8
C 26 PUT 9 8
C 26 PUT 10 8
C 26 PUT 11 8
C 26 PUT 12 8
C 26 PUT 13 9
C 26 PUT 14 8
C 26 PUT 15 8
C 26 PUT 16 8
C 26 PUT 17 9
C 26 PUT 18 9
C 26 PUT 19 9
C 26 PUT 20 9
C 26 PUT 21 9
C 26 PUT 22 9
C 26 PUT 23 9
C 26 PUT 24 9
C 26 PUT 25 10
C 26 PUT 26 10
C 26 PUT 27 11
C 26 PUT 28 10
C 26 PUT 29 8
C 26 PUT 30 8
C 26 PUT 31 9
C 26 PUT 32 9
C 26 PUT 33 8
C 26 PUT 34 8
C 26 PUT 35 8
C 26 PUT 36 8
C 26 PUT 37 8
C 26 PUT 38 8
C 26 PUT 39 8
C 26 PUT 40 11
C 26 PUT 41 10
C 26 PUT 42 10
C 26 PUT 43 10
C 26 PUT 44 8
C 26 PUT 45 8
C 26 PUT 46 8
C 26 PUT 47 12
C 26 PUT 48 12
C 26 PUT 49 12
C 26 PUT 50 11
C 26 PUT 51 11
C 26 PUT 52 11
C 26 PUT 53 11
C 26 PUT 54 11
C 26 PUT 55 11
C 26 PUT 56 12
C 26 PUT 57 12
C 26 PUT 58 12
C 26 PUT 59 12
C 26 PUT 60 12
C 26 PUT 61 12
C 26 PUT 62 12
C 26 PUT 63 12
C 26 PUT 64 12
C 26 PUT 65 12
C 26 PUT 66 12
C 26 PUT 67 10
C 26 PUT 68 10
C 26 PUT 69 10
C 26 PUT 70 10
C 26 PUT 71 11
C 26 PUT 72 12
C 26 PUT 73 12
C 26 PUT 74 10
C 26 PUT 75 12
C 26 PUT 1 9
C 26 PUT 2 9
C 26 PUT 3 9
C 26 PUT 4 9
C 26 PUT 5 9
C 26 PUT 6 9
C 26 PUT 7 9
C 26 PUT 8 9
C 26 PUT 9 9
C 26 PUT 10 9
C 26 PUT 11 9
C 26 PUT 12 9
C 26 PUT 13 10
C 26 PUT 14 9
C 26 PUT 15 9
C 26 PUT 16 9
C 26 PUT 17 10
C 26 PUT 18 10
C 26 PUT 19 10
C 26 PUT 20 10
C 26 PUT 21 10
C 26 PUT 22 10
C 26 PUT 23 10
C 26 PUT 24 10
C 26 PUT 25 11
C 26 PUT 26 11
C 26 PUT 27 12
C 26 PUT 28 11
C 26 PUT 29 9
C 26 PUT 30 9
C 26 PUT 31 10
C 26 PUT 32 10
C 26 PUT 33 9
C 26 PUT 34 9
C 26 PUT 35 9
C 26 PUT 36 9
C 26 PUT 37 9
C 26 PUT 38 9
C 26 PUT 39 9
C 26 PUT 40 12
C 26 PUT 41 11
C 26 PUT 42 11
C 26 PUT 43 11
C 26 PUT 44 9
C 26 PUT 45 9
C 26 PUT 46 9
C 26 PUT 47 13
C 26 PUT 48 13
C 26 PUT 49 13
C 26 PUT 50 12
C 26 PUT 51 12
C 26 PUT 52 12
C 26 PUT 53 12
C 26 PUT 54 12
C 26 PUT 55 12
C 26 PUT 56 13
C 26 PUT 57 13
C 26 PUT 58 13
C 26 PUT 59 13
C 26 PUT 60 13
C 26 PUT 61 13
C 26 PUT 62 13
C 26 PUT 63 13
C 26 PUT 64 13
C 26 PUT 65 13
C 26 PUT 66 13
C 26 PUT 67 11
C 26 PUT 68 11
C 26 PUT 69 11
C 26 PUT 70 11
C 26 PUT 71 12
C 26 PUT 72 13
C 26 PUT 73 13
C 26 PUT 74 11
C 26 PUT 75 13
C 26 PUT 1 10
C 26 PUT 2 10
C 26 PUT 3 10
C 26 PUT 4 10
C 26 PUT 5 10
C 26 PUT 6 10
C 26 PUT 7 10
C 26 PUT 8 10
C 26 PUT 9 10
C 26 PUT 10 10
C 26 PUT 11 10
C 26 PUT 12 10
C 26 PUT 13 11
C 26 PUT 14 10
C 26 PUT 15 10
C 26 PUT 16 10
C 26 PUT 17 11
C 26 PUT 18 11
C 26 PUT 19 11
C 26 PUT 20 11
C 26 PUT 21 11
C 26 PUT 22 11
C 26 PUT 23 11
C 26 PUT 24 11
C 26 PUT 25 12
C 26 PUT 26 12
C 26 PUT 27 13
C 26 PUT 28 12
C 26 PUT 29 10
C 26 PUT 30 10
C 26 PUT 31 11
C 26 PUT 32 11
C 26 PUT 33 10
C 26 PUT 34 10
C 26 PUT 35 10
C 26 PUT 36 10
C 26 PUT 37 10
C 26 PUT 38 10
C 26 PUT 39 10
C 26 PUT 40 13
C 26 PUT 41 12
C 26 PUT 42 12
C 26 PUT 43 12
C 26 PUT 44 10
C 26 PUT 45 10
C 26 PUT 46 10
C 26 PUT 47 14
C 26 PUT 48 14
C 26 PUT 49 14
C 26 PUT 50 13
C 26 PUT 51 13
C 26 PUT 52 13
C 26 PUT 53 13
C 26 PUT 54 13
C 26 PUT 55 13
C 26 PUT 56 14
C 26 PUT 57 14
C 26 PUT 58 14
C 26 PUT 59 14
C 26 PUT 60 14
C 26 PUT 61 14
C 26 PUT 62 14
C 26 PUT 63 14
C 26 PUT 64 14
C 26 PUT 65 14
C 26 PUT 66 14
C 26 PUT 67 12
C 26 PUT 68 12
C 26 PUT 69 12
C 26 PUT 70 12
C 26 PUT 71 13
C 26 PUT 72 14
C 26 PUT 73 14
C 26 PUT 74 12
C 26 PUT 75 14
C 26 PUT 1 11
C 26 PUT 2 11
C 26 PUT 3 11
C 26 PUT 4 11
C 26 PUT 5 11
C 26 PUT 6 11
C 26 PUT 7 11
C 26 PUT 8 11
C 26 PUT 9 11
C 26 PUT 10 11
C 26 PUT 11 11
C 26 PUT 12 11
C 26 PUT 13 12
C 26 PUT 14 11
C 26 PUT 15 11
C 26 PUT 16 11
C 26 PUT 17 12
C 26 PUT 18 12
C 26 PUT 19 12
C 26 PUT 20 12
C 26 PUT 21 12
C 26 PUT 22 12
C 26 PUT 23 12
C 26 PUT 24 12
C 26 PUT 25 13
C 26 PUT 26 13
C 26 PUT 27 14
C 26 PUT 28 13
C 26 PUT 29 11
C 26 PUT 30 11
C 26 PUT 31 12
C 26 PUT 32 12
C 26 PUT 33 11
C 26 PUT 34 11
C 26 PUT 35 11
C 26 PUT 36 11
C 26 PUT 37 11
C 26 PUT 38 11
C 26 PUT 39 11
C 26 PUT 40 14
C 26 PUT 41 13
C 26 PUT 42 13
C 26 PUT 43 13
C 26 PUT 44 11
C 26 PUT 45 11
C 26 PUT 46 11
C 26 PUT 47 15
C 26 PUT 48 15
C 26 PUT 49 15
C 26 PUT 50 14
C 26 PUT 51 14
C 26 PUT 52 14
C 26 PUT 53 14
C 26 PUT 54 14
C 26 PUT 55 14
C 26 PUT 56 15
C 26 PUT 57 15
C 26 PUT 58 15
C 26 PUT 59 15
C 26 PUT 60 15
C 26 PUT 61 15
C 26 PUT 62 15
C 26 PUT 63 15
C 26 PUT 64 15
C 26 PUT 65 15
C 26 PUT 66 15
C 26 PUT 67 13
C 26 PUT 68 13
C 26 PUT 69 13
C 26 PUT 70 13
C 26 PUT 71 14
C 26 PUT 72 15
C 26 PUT 73 15
C 26 PUT 74 13
C 26 PUT 75 15
C 26 PUT 1 12
C 26 PUT 2 12
C 26 PUT 3 12
C 26 PUT 4 12
C 26 PUT 5 12
C 26 PUT 6 12
C 26 PUT 7 12
C 26 PUT 8 12
C 26 PUT 9 12
C 26 PUT 10 12
C 26 PUT 11 12
C 26 PUT 12 12
C 26 PUT 13 13
C 26 PUT 14 12
C 26 PUT 15 12
C 26 PUT 16 12
C 26 PUT 17 13
C 26 PUT 18 13
C 26 PUT 19 13
C 26 PUT 20 13
C 26 PUT 21 13
C 26 PUT 22 13
C 26 PUT 23 13
C 26 PUT 24 13
C 26 PUT 25 14
C 26 PUT 26 14
C 26 PUT 27 15
C 26 PUT 28 14
C 26 PUT 29 12
C 26 PUT 30 12
C 26 PUT 31 13
C 26 PUT 32 13
C 26 PUT 33 12
C 26 PUT 34 12
C 26 PUT 35 12
C 26 PUT 36 12
C 26 PUT 37 12
C 26 PUT 38 12
C 26 PUT 39 12
C 26 PUT 40 15
C 26 PUT 41 14
C 26 PUT 42 14
C 26 PUT 43 14
C 26 PUT 44 12
C 26 PUT 45 12
C 26 PUT 46 12
C 26 PUT 47 16
C 26 PUT 48 16
C 26 PUT 49 16
C 26 PUT 50 15
C 26 PUT 51 15
C 26 PUT 52 15
C 26 PUT 53 15
C 26 PUT 54 15
C 26 PUT 55 15
C 26 PUT 56 16
C 26 PUT 57 16
C 26 PUT 58 16
C 26 PUT 59 16
C 26 PUT 60 16
C 26 PUT 61 16
C 26 PUT 62 16
C 26 PUT 63 16
C 26 PUT 64 16
C 26 PUT 65 16
C 26 PUT 66 16
C 26 PUT 67 14
C 26 PUT 68 14
C 26 PUT 69 14
C 26 PUT 70 14
C 26 PUT 71 15
C 26 PUT 72 16
C 26 PUT 73 16
C 26 PUT 74 14
C 26 PUT 75 16
C 26 PUT 1 13
C 26 PUT 2 13
C 26 PUT 3 13
C 26 PUT 4 13
C 26 PUT 5 13
C 26 PUT 6 13
C 26 PUT 7 13
C 26 PUT 8 13
C 26 PUT 9 13
C 26 PUT 10 13
C 26 PUT 11 13
C 26 PUT 12 13
C 26 PUT 13 14
C 26 PUT 14 13
C 26 PUT 15 13
C 26 PUT 16 13
C 26 PUT 17 14
C 26 PUT 18 14
C 26 PUT 19 14
C 26 PUT 20 14
C 26 PUT 21 14
C 26 PUT 22 14
C 26 PUT 23 14
C 26 PUT 24 14
C 26 PUT 25 15
C 26 PUT 26 15
C 26 PUT 27 16
C 26 PUT 28 15
C 26 PUT 29 13
C 26 PUT 30 13
C 26 PUT 31 14
C 26 PUT 32 14
C 26 PUT 33 13
C 26 PUT 34 13
C 26 PUT 35 13
C 26 PUT 36 13
C 26 PUT 37 13
C 26 PUT 38 13
C 26 PUT 39 13
C 26 PUT 40 16
C 26 PUT 41 15
C 26 PUT 42 15
C 26 PUT 43 15
C 26 PUT 44 13
C 26 PUT 45 13
C 26 PUT 46 13
C 26 PUT 47 17
C 26 PUT 48 17
C 26 PUT 49 17
C 26 PUT 50 16
C 26 PUT 51 16
C 26 PUT 52 16
C 26 PUT 53 16
C 26 PUT 54 16
C 26 PUT 55 16
C 26 PUT 56 17
C 26 PUT 57 17
C 26 PUT 58 17
C 26 PUT 59 17
C 26 PUT 60 17
C 26 PUT 61 17
C 26 PUT 62 17
C 26 PUT 63 17
C 26 PUT 64 17
C 26 PUT 65 17
C 26 PUT 66 17
C 26 PUT 67 15
C 26 PUT 68 15
C 26 PUT 69 15
C 26 PUT 70 15
C 26 PUT 71 16
C 26 PUT 72 17
C 26 PUT 73 17
C 26 PUT 74 15
C 26 PUT 75 17
C 26 PUT 1 14
C 26 PUT 2 14
C 26 PUT 3 14
C 26 PUT 4 14
C 26 PUT 5 14
C 26 PUT 6 14
C 26 PUT 7 14
C 26 PUT 8 14
C 26 PUT 9 14
C 26 PUT 10 14
C 26 PUT 11 14
C 26 PUT 12 14
C 26 PUT 13 15
C 26 PUT 14 14
C 26 PUT 15 14
C 26 PUT 16 14
C 26 PUT 17 15
C 26 PUT 18 15
C 26 PUT 19 15
C 26 PUT 20 15
C 26 PUT 21 15
C 26 PUT 22 15
C 26 PUT 23 15
C 26 PUT 24 15
C 26 PUT 25 16
C 26 PUT 26 16
C 26 PUT 27 17
C 26 PUT 28 16
C 26 PUT 29 14
C 26 PUT 30 14
C 26 PUT 31 15
C 26 PUT 32 15
C 26 PUT 33 14
C 26 PUT 34 14
C 26 PUT 35 14
C 26 PUT 36 14
C 26 PUT 37 14
C 26 PUT 38 14
C 26 PUT 39 14
C 26 PUT 40 17
C 26 PUT 41 16
C 26 PUT 42 16
C 26 PUT 43 16
C 26 PUT 44 14
C 26 PUT 45 14
C 26 PUT 46 14
C 26 PUT 47 18
C 26 PUT 48 18
C 26 PUT 49 18
C 26 PUT 50 17
C 26 PUT 51 17
C 26 PUT 52 17
C 26 PUT 53 17
C 26 PUT 54 17
C 26 PUT 55 17
C 26 PUT 56 18
C 26 PUT 57 18
C 26 PUT 58 18
C 26 PUT 59 18
C 26 PUT 60 18
C 26 PUT 61 18
C 26 PUT 62 18
C 26 PUT 63 18
C 26 PUT 64 18
C 26 PUT 65 18
C 26 PUT 66 18
C 26 PUT 67 16
C 26 PUT 68 16
C 26 PUT 69 16
C 26 PUT 70 16
C 26 PUT 71 17
C 26 PUT 72 18
C 26 PUT 73 18
C 26 PUT 74 16
C 26 PUT 75 18
% Extracting Subnetworks induced by each selected Cluster
N 1 EXTNETALL 1 26 [1-5] (75)
% Extracting Subnetworks induced by each selected Cluster
N 1 EXTNETALL 1 26 [1-5] (75)
% Extracting Subnetworks induced by each selected Cluster
N 1 EXTNETALL 1 26 [1-5] (75)
% Extracting Subnetworks induced by each selected Cluster
N 1 EXTNETALL 1 26 [1-4] (75)
E 1 DRAW 26 0 0 0 0
C 26 PUT 1 15
C 26 PUT 2 15
C 26 PUT 3 15
C 26 PUT 4 15
C 26 PUT 5 15
C 26 PUT 6 15
C 26 PUT 7 15
C 26 PUT 8 15
C 26 PUT 9 15
C 26 PUT 10 15
C 26 PUT 11 15
C 26 PUT 12 15
C 26 PUT 13 16
C 26 PUT 14 15
C 26 PUT 15 15
C 26 PUT 16 15
C 26 PUT 17 16
C 26 PUT 18 16
C 26 PUT 19 16
C 26 PUT 20 16
C 26 PUT 21 16
C 26 PUT 22 16
C 26 PUT 23 16
C 26 PUT 24 16
C 26 PUT 25 17
C 26 PUT 26 17
C 26 PUT 27 18
C 26 PUT 28 17
C 26 PUT 29 15
C 26 PUT 30 15
C 26 PUT 31 16
C 26 PUT 32 16
C 26 PUT 33 15
C 26 PUT 34 15
C 26 PUT 35 15
C 26 PUT 36 15
C 26 PUT 37 15
C 26 PUT 38 15
C 26 PUT 39 15
C 26 PUT 40 18
C 26 PUT 41 17
C 26 PUT 42 17
C 26 PUT 43 17
C 26 PUT 44 15
C 26 PUT 45 15
C 26 PUT 46 15
C 26 PUT 47 19
C 26 PUT 48 19
C 26 PUT 49 19
C 26 PUT 50 18
C 26 PUT 51 18
C 26 PUT 52 18
C 26 PUT 53 18
C 26 PUT 54 18
C 26 PUT 55 18
C 26 PUT 56 19
C 26 PUT 57 19
C 26 PUT 58 19
C 26 PUT 59 19
C 26 PUT 60 19
C 26 PUT 61 19
C 26 PUT 62 19
C 26 PUT 63 19
C 26 PUT 64 19
C 26 PUT 65 19
C 26 PUT 66 19
C 26 PUT 67 17
C 26 PUT 68 17
C 26 PUT 69 17
C 26 PUT 70 17
C 26 PUT 71 18
C 26 PUT 72 19
C 26 PUT 73 19
C 26 PUT 74 17
C 26 PUT 75 19
