NETBEGIN 1
CLUBEGIN 1
PERBEGIN 1
CLSBEGIN 1
HIEBEGIN 1
VECBEGIN 1

% Reading Network   ---    E:\UCM\Redes Sociales\networks\red_depurada.net
N 1 RDN "E:\UCM\Redes Sociales\networks\red_depurada.net" (75)
E 1 DRAW 0 0 0 0 0
%  Louvain Community Detection. Coarsening and Refinement.                    
C 1 MODULARITYML 1 20 50 10 20 1.0000000000 0.500000 (75)
% Shrinking
N 2 SHR 1 1 [1 ,0,1] (5)
% All degree centrality of 2. Shrinking N1 according to C1 [1,0] (5)
C 3 DEGC 2 [2] (5)
% Disposing Partition...
C 3 DC  (5)
% Disposing Network...
N 2 DN  (5)
% Disposing Partition...
C 2 DC  (5)
% Shrinking
N 3 SHR 1 1 [1 ,0,1] (5)
% All degree centrality of 3. Shrinking N1 according to C1 [1,0] (5)
V 1 DEGV 3 [2] (5)
% Weighted Degree
V 2 LINESUM 3 [2] (5)
% All closeness centrality of 3. Shrinking N1 according to C1 [1,0] (5)
V 3 CLOSE 3 [2] (5)
% Betweenness centrality of 3. Shrinking N1 according to C1 [1,0] (5)
V 4 BETWEEN 3 (5)
% Hubs & Authorities
C 5 HUBSAUTH 3 [5,5,6,0] (5)
% Hubs & Authorities
C 6 HUBSAUTH 3 [5,5,6,1] (5)
% Saving Partition(s)/Vector(s) to tab delimited file   ---    E:\UCM\Redes Sociales\Pajek64\excel1.txt
C 6 WTABCLUVEC "E:\UCM\Redes Sociales\Pajek64\excel1.txt" -1 2 2 11 1
EXCEL "Excel" "E:\UCM\Redes Sociales\Pajek64\excel1.txt"
E 3 DRAW 0 0 0 0 0
E 3 KAMADA
E 3 DRAW 6 0 0 0 0
E 3 DRAW 0 0 0 0 0
E 3 DRAW 4 0 0 0 0
E 3 DRAW 0 0 0 0 0
E 1 DRAW 0 0 0 0 0
E 1 KAMADA
E 1 DRAW 1 0 0 0 0
E 1 KAMADAINSIDE 1
E 3 DRAW 4 0 0 0 0
E 1 DRAW 1 0 0 0 0
E 1 DRAW 1 0 0 0 0
% Disposing Partition...
C 4 DC  (5)
% Disposing Network...
N 3 DN  (5)
% Shrinking
N 4 SHR 1 1 [1 ,0,1] (5)
E 4 DRAW 7 0 0 0 0
% Disposing Vector...
V 1 DV  (5)
% Disposing Vector...
V 2 DV  (5)
% Disposing Network...
N 4 DN  (5)
% Disposing Vector...
V 3 DV  (5)
% Disposing Vector...
V 4 DV  (5)
% Disposing Vector...
V 5 DV  (5)
% Disposing Vector...
V 6 DV  (5)
% Disposing Vector...
V 7 DV  (5)
% Disposing Vector...
V 8 DV  (5)
% Disposing Partition...
C 7 DC  (5)
% Shrinking
N 5 SHR 1 1 [1 ,0,1] (5)
% All degree centrality of 5. Shrinking N1 according to C1 [1,0] (5)
V 9 DEGV 5 [2] (5)
% Disposing Vector...
V 9 DV  (5)
% Input degree centrality of 5. Shrinking N1 according to C1 [1,0] (5)
V 10 DEGV 5 [0] (5)
% Disposing Vector...
V 10 DV  (5)
% All degree centrality of 5. Shrinking N1 according to C1 [1,0] (5)
V 11 DEGV 5 [2] (5)
E 5 DRAW 8 0 0 0 0
% Shrinking
N 6 SHR 1 1 [6 ,0,1] (5)
E 6 DRAW 0 0 0 0 0
% All degree centrality of 6. Shrinking N1 according to C1 [6,0] (5)
V 12 DEGV 6 [2] (5)
% Disposing Network...
N 6 DN  (5)
% Disposing Partition...
C 9 DC  (5)
% Disposing Vector...
V 12 DV  (5)
E 5 DRAW 8 0 0 0 0
E 1 DRAW 0 0 0 0 0
E 5 DRAW 0 0 0 0 0
% Disposing Partition...
C 8 DC  (5)
% Disposing Network...
N 5 DN  (5)
% Shrinking
N 7 SHR 1 1 [1 ,0,1] (5)
E 7 DRAW 0 0 0 0 0
% Weighted Degree
V 13 LINESUM 1 [2] (75)
% Disposing Vector...
V 13 DV  (75)
% Disposing Vector...
V 11 DV  (5)
E 7 DRAW 10 0 0 0 0
E 7 DRAW 10 0 0 0 0
% Disposing Network...
N 7 DN  (5)
% Disposing Network...
N 1 DN  (75)
% Disposing Partition...
C 10 DC  (5)
% Disposing Partition...
C 1 DC  (75)
% Disposing Partition...
C 5 DC  (5)
% Disposing Partition...
C 6 DC  (5)
% Reading Network   ---    E:\UCM\Redes Sociales\networks\red_depurada.net
N 8 RDN "E:\UCM\Redes Sociales\networks\red_depurada.net" (75)
%  Louvain Community Detection. Coarsening and Refinement.                    
C 11 MODULARITYML 8 20 50 10 20 1.0000000000 0.500000 (75)
% Shrinking
N 9 SHR 8 11 [1 ,0,1] (5)
E 9 DRAW 0 0 0 0 0
% Saving Partition(s)/Vector(s) to tab delimited file   ---    E:\UCM\Redes Sociales\Pajek64\excel1.txt
C 11 WTABCLUVEC "E:\UCM\Redes Sociales\Pajek64\excel1.txt" 0 1 2 11 1
EXCEL "Excel" "E:\UCM\Redes Sociales\Pajek64\excel1.txt"
E 9 DRAW 12 0 0 0 0
% 8. E:\UCM\Redes Sociales\networks\red_depurada.net (75)
N 8 INFONET 8 0 1 (75)
% 8. E:\UCM\Redes Sociales\networks\red_depurada.net (75)
N 8 INFONET 8 10 1 (75)
% 8. E:\UCM\Redes Sociales\networks\red_depurada.net (75)
N 8 INFONET 8 100 1 (75)
% 8. E:\UCM\Redes Sociales\networks\red_depurada.net (75)
N 8 INFONET 8 249 1 (75)
% 8. E:\UCM\Redes Sociales\networks\red_depurada.net (75)
N 8 INFONET 8 1000 1 (75)
E 8 DRAW 11 0 0 0 0
E 8 KAMADAINSIDE 11
E 9 DRAW 0 0 0 0 0
E 8 DRAW 11 0 0 0 0
E 9 DRAW 12 0 0 0 0
% Disposing Network...
N 9 DN  (5)
% Disposing Partition...
C 12 DC  (5)
% Shrinking
N 10 SHR 8 11 [1 ,0,1] (5)
% Saving Network to tab delimited file   ---    E:\UCM\Redes Sociales\Pajek64\excel1.txt
N 10 WTABNET "E:\UCM\Redes Sociales\Pajek64\excel1.txt" 11 1 (5)
EXCEL "Excel" "E:\UCM\Redes Sociales\Pajek64\excel1.txt"
E 8 DRAW 11 0 0 0 0
% Shrinking
N 11 SHR 8 11 [1 ,0,1] (5)
E 11 DRAW 0 0 0 0 0
% Weighted Degree
V 14 LINESUM 8 [2] (75)
% Saving Partition(s)/Vector(s) to tab delimited file   ---    E:\UCM\Redes Sociales\Pajek64\excel1.txt
C 14 WTABCLUVEC "E:\UCM\Redes Sociales\Pajek64\excel1.txt" 0 2 2 11 1
EXCEL "Excel" "E:\UCM\Redes Sociales\Pajek64\excel1.txt"
% Input degree centrality of 8. E:\UCM\Redes Sociales\networks\red_depurada.net (75)
V 15 DEGV 8 [0] (75)
% Disposing Vector...
V 15 DV  (75)
% Input degree centrality of 8. E:\UCM\Redes Sociales\networks\red_depurada.net (75)
V 16 DEGV 8 [0] (75)
% Saving Partition(s)/Vector(s) to tab delimited file   ---    E:\UCM\Redes Sociales\Pajek64\excel2.txt
C 14 WTABCLUVEC "E:\UCM\Redes Sociales\Pajek64\excel2.txt" 0 2 2 11 1
EXCEL "Excel" "E:\UCM\Redes Sociales\Pajek64\excel2.txt"
% Output degree centrality of 8. E:\UCM\Redes Sociales\networks\red_depurada.net (75)
V 17 DEGV 8 [1] (75)
% Saving Partition(s)/Vector(s) to tab delimited file   ---    E:\UCM\Redes Sociales\Pajek64\excel3.txt
C 14 WTABCLUVEC "E:\UCM\Redes Sociales\Pajek64\excel3.txt" 0 2 2 11 1
EXCEL "Excel" "E:\UCM\Redes Sociales\Pajek64\excel3.txt"
% Reading Network   ---    E:\UCM\Redes Sociales\Delfines.net
N 12 RDN "E:\UCM\Redes Sociales\Delfines.net" (62)
%  Louvain Community Detection. Coarsening and Refinement.                    
C 15 MODULARITYML 12 20 50 10 20 1.0000000000 0.500000 (62)
E 12 CIRCULAR
E 12 DRAW 15 0 0 0 0
E 12 KAMADAINSIDE 15
% Shrinking
N 13 SHR 12 15 [1 ,0,1] (5)
% Saving Network to tab delimited file   ---    E:\UCM\Redes Sociales\Pajek64\excel1.txt
N 13 WTABNET "E:\UCM\Redes Sociales\Pajek64\excel1.txt" 11 1 (5)
EXCEL "Excel" "E:\UCM\Redes Sociales\Pajek64\excel1.txt"
