NETBEGIN 1
CLUBEGIN 1
PERBEGIN 1
CLSBEGIN 1
HIEBEGIN 1
VECBEGIN 1

% Reading Network   ---    E:\UCM\Redes Sociales\networks\red_depurada.net
N 1 RDN "E:\UCM\Redes Sociales\networks\red_depurada.net" (75)
E 1 DRAW 0 0 0 0 0
%  Louvain Community Detection. Coarsening and Refinement.                    
C 1 MODULARITYML 1 20 50 10 20 1.0000000000 0.500000 (75)
E 1 DRAW 1 0 0 0 0
E 1 KAMADAINSIDE 1
E 1 DRAW 1 0 0 0 0
% Extracting Subnetworks induced by each selected Cluster
N 6 EXTNETALL 1 1 [1-5] (17)
E 6 DRAW 6 0 0 0 0
% Shrinking
N 7 SHR 1 1 [1 ,0,1] (5)
% Saving Partition(s)/Vector(s) to tab delimited file   ---    E:\UCM\Redes Sociales\Pajek64\excel1.txt
C 7 WTABCLUVEC "E:\UCM\Redes Sociales\Pajek64\excel1.txt" 0 1 2 11 1
EXCEL "Excel" "E:\UCM\Redes Sociales\Pajek64\excel1.txt"
% Saving Network to tab delimited file   ---    E:\UCM\Redes Sociales\Pajek64\excel1.txt
N 7 WTABNET "E:\UCM\Redes Sociales\Pajek64\excel1.txt" 11 1 (5)
EXCEL "Excel" "E:\UCM\Redes Sociales\Pajek64\excel1.txt"
% Shrinking
N 8 SHR 1 1 [10 ,0,1] (5)
E 8 DRAW 0 0 0 0 0
% Disposing Network...
N 8 DN  (5)
% Disposing Partition...
C 8 DC  (5)
E 1 DRAW 0 0 0 0 0
E 1 DRAW 1 0 0 0 0
E 1 KAMADAINSIDE 1
% Shrinking
N 9 SHR 1 1 [5 ,0,1] (5)
E 9 DRAW 9 0 0 0 0
% Disposing Network...
N 9 DN  (5)
% Disposing Partition...
C 9 DC  (5)
% Shrinking
N 10 SHR 1 1 [4 ,0,1] (5)
E 10 DRAW 10 0 0 0 0
% Saving Partition(s)/Vector(s) to tab delimited file   ---    E:\UCM\Redes Sociales\Pajek64\excel1.txt
C 1 WTABCLUVEC "E:\UCM\Redes Sociales\Pajek64\excel1.txt" 0 1 2 11 1
EXCEL "Excel" "E:\UCM\Redes Sociales\Pajek64\excel1.txt"
% Saving partition to file   ---    E:\UCM\Redes Sociales\clusters\louvain.clu
C 1 WC "E:\UCM\Redes Sociales\clusters\louvain.clu" (75)
