NETBEGIN 1
CLUBEGIN 1
PERBEGIN 1
CLSBEGIN 1
HIEBEGIN 1
VECBEGIN 1

% Reading Network   ---    E:\UCM\Redes Sociales\LosMiserables.net
N 1 RDN "E:\UCM\Redes Sociales\LosMiserables.net" (77)
E 1 CIRCULAR
E 1 DRAW 0 0 0 0 0
% Constant Partition
C 1 CONSTANTC 0 (77)
E 1 DRAW 1 0 0 0 0
% Saving Partition(s)/Vector(s) to tab delimited file   ---    E:\UCM\Redes Sociales\Pajek64\excel1.txt
C 1 WTABCLUVEC "E:\UCM\Redes Sociales\Pajek64\excel1.txt" 0 1 2 11 1
EXCEL "Excel" "E:\UCM\Redes Sociales\Pajek64\excel1.txt"
% Reading Partition   ---    E:\UCM\Redes Sociales\BorrarTresPrimeros.clu
C 2 RDC "E:\UCM\Redes Sociales\BorrarTresPrimeros.clu" (77)
% Extracting Subnetwork according to Partition
N 2 EXT 1 2 [0] 1 (75)
E 2 DRAW 0 0 0 0 0
E 2 DRAW 0 0 0 0 0
E 2 DRAW 0 0 0 0 0
E 2 DRAW 0 0 0 0 0
E 2 DRAW 0 0 0 0 0
E 2 DRAW 0 0 0 0 0
E 2 KAMADA
E 2 DRAW 0 0 0 0 0
% Bernoulli/Poisson random network generator
N 3 ERDREN  [75, 1.000, 1, 0] (75)
E 3 DRAW 0 0 0 0 0
E 3 KAMADA
E 2 DRAW 0 0 0 0 0
% 2. Extracting N1 according to C2 [0] (75)
N 2 INFONET 2 1 1 (75)
% 2. Extracting N1 according to C2 [0] (75)
N 2 INFONET 2 1 1 (75)
% Disposing Partition...
C 3 DC  (75)
% Disposing Partition...
C 1 DC  (77)
% Disposing Partition...
C 2 DC  (77)
E 2 DRAW 0 0 0 0 0
% Disposing Network...
N 3 DN  (75)
% Bernoulli/Poisson random network generator
N 4 ERDREN  [75, 7.000, 1, 0] (75)
E 4 DRAW 0 0 0 0 0
% 4. Undirected Erdos-Renyi random network [7.000] (75)
N 4 INFONET 4 0 1 (75)
% Disposing Network...
N 4 DN  (75)
% Bernoulli/Poisson random network generator
N 5 ERDREN  [75, 6.640, 1, 0] (75)
% Bernoulli/Poisson random network generator
N 6 ERDREN  [75, 7.000, 1, 0] (75)
% Disposing Network...
N 6 DN  (75)
% Bernoulli/Poisson random network generator
N 7 ERDREN  [75, 6.000, 1, 0] (75)
% Disposing Network...
N 7 DN  (75)
% 5. Undirected Erdos-Renyi random network [6.640] (75)
N 5 INFONET 5 0 1 (75)
E 5 DRAW 0 0 0 0 0
E 5 KAMADA
% Disposing Network...
N 5 DN  (75)
E 2 DRAW 0 0 0 0 0
E 2 DRAW 0 0 0 0 0
E 2 KAMADA
E 2 KAMADA
